{"/Users/robertkotcher/Desktop/babel/babel.config.js":{"path":"/Users/robertkotcher/Desktop/babel/babel.config.js","s":{"1":1,"2":2,"3":2,"4":2},"b":{},"f":{},"fnMap":{},"statementMap":{"1":{"start":{"line":1,"column":0},"end":{"line":14,"column":2}},"2":{"start":{"line":2,"column":2},"end":{"line":2,"column":19}},"3":{"start":{"line":4,"column":2},"end":{"line":11,"column":4}},"4":{"start":{"line":13,"column":2},"end":{"line":13,"column":21}}},"branchMap":{}},"/Users/robertkotcher/Desktop/babel/src/getOdd.js":{"path":"/Users/robertkotcher/Desktop/babel/src/getOdd.js","s":{"1":1,"2":1,"3":1,"4":0,"5":0,"6":1},"b":{"1":[0,0]},"f":{"1":1},"fnMap":{"1":{"name":"(anonymous_1)","line":1,"loc":{"start":{"line":1,"column":17},"end":{"line":1,"column":32}}}},"statementMap":{"1":{"start":{"line":1,"column":0},"end":{"line":11,"column":2}},"2":{"start":{"line":2,"column":2},"end":{"line":2,"column":17}},"3":{"start":{"line":4,"column":2},"end":{"line":8,"column":3}},"4":{"start":{"line":5,"column":4},"end":{"line":7,"column":5}},"5":{"start":{"line":6,"column":6},"end":{"line":6,"column":24}},"6":{"start":{"line":10,"column":2},"end":{"line":10,"column":13}}},"branchMap":{"1":{"line":5,"type":"if","locations":[{"start":{"line":5,"column":4},"end":{"line":5,"column":4}},{"start":{"line":5,"column":4},"end":{"line":5,"column":4}}]}}}}